0 info it worked if it ends with ok
1 verbose cli [ '/usr/local/bin/node',
1 verbose cli   '/usr/local/bin/npm',
1 verbose cli   'install',
1 verbose cli   '--global',
1 verbose cli   'yo@1.0' ]
2 info using npm@3.3.6
3 info using node@v5.0.0
4 silly loadCurrentTree Starting
5 silly install loadCurrentTree
6 silly install readGlobalPackageData
7 silly fetchPackageMetaData yo@1.0
8 silly fetchNamedPackageData yo
9 silly mapToRegistry name yo
10 silly mapToRegistry using default registry
11 silly mapToRegistry registry https://registry.npmjs.org/
12 silly mapToRegistry uri https://registry.npmjs.org/yo
13 verbose request uri https://registry.npmjs.org/yo
14 verbose request no auth needed
15 info attempt registry request try #1 at 6:07:46 PM
16 verbose request id 67953bd1edad148c
17 verbose etag "8F9Z8RLIBEEGW6KZFBBAU5QHK"
18 http request GET https://registry.npmjs.org/yo
19 http 304 https://registry.npmjs.org/yo
20 verbose headers { date: 'Thu, 05 Nov 2015 02:07:46 GMT',
20 verbose headers   via: '1.1 varnish',
20 verbose headers   'cache-control': 'max-age=60',
20 verbose headers   etag: '"8F9Z8RLIBEEGW6KZFBBAU5QHK"',
20 verbose headers   age: '17',
20 verbose headers   connection: 'keep-alive',
20 verbose headers   'x-served-by': 'cache-lax1430-LAX',
20 verbose headers   'x-cache': 'HIT',
20 verbose headers   'x-cache-hits': '14',
20 verbose headers   'x-timer': 'S1446689266.961230,VS0,VE0',
20 verbose headers   vary: 'Accept' }
21 silly get cb [ 304,
21 silly get   { date: 'Thu, 05 Nov 2015 02:07:46 GMT',
21 silly get     via: '1.1 varnish',
21 silly get     'cache-control': 'max-age=60',
21 silly get     etag: '"8F9Z8RLIBEEGW6KZFBBAU5QHK"',
21 silly get     age: '17',
21 silly get     connection: 'keep-alive',
21 silly get     'x-served-by': 'cache-lax1430-LAX',
21 silly get     'x-cache': 'HIT',
21 silly get     'x-cache-hits': '14',
21 silly get     'x-timer': 'S1446689266.961230,VS0,VE0',
21 silly get     vary: 'Accept' } ]
22 verbose etag https://registry.npmjs.org/yo from cache
23 verbose get saving yo to /Users/will/.npm/registry.npmjs.org/yo/.cache.json
24 silly fetchPackageMetaData Error: No compatible version found: yo@1.0
24 silly fetchPackageMetaData Valid install targets:
24 silly fetchPackageMetaData ["1.5.0","1.4.8","1.4.7","1.4.6","1.4.5","1.4.4","1.4.2","1.4.1","1.3.3","1.3.2","1.3.0","1.2.1","1.2.0","1.1.2","1.1.1","1.1.0"]
24 silly fetchPackageMetaData
24 silly fetchPackageMetaData     at pickVersionFromRegistryDocument (/usr/local/lib/node_modules/npm/lib/fetch-package-metadata.js:146:16)
24 silly fetchPackageMetaData     at /usr/local/lib/node_modules/npm/node_modules/iferr/index.js:13:50
24 silly fetchPackageMetaData     at /usr/local/lib/node_modules/npm/lib/utils/pulse-till-done.js:19:8
24 silly fetchPackageMetaData     at saved (/usr/local/lib/node_modules/npm/lib/cache/caching-client.js:168:7)
24 silly fetchPackageMetaData     at /usr/local/lib/node_modules/npm/node_modules/graceful-fs/polyfills.js:210:7
24 silly fetchPackageMetaData     at FSReqWrap.oncomplete (fs.js:82:15)
24 silly fetchPackageMetaData  error for yo@1.0 [Error: No compatible version found: yo@1.0
24 silly fetchPackageMetaData Valid install targets:
24 silly fetchPackageMetaData ["1.5.0","1.4.8","1.4.7","1.4.6","1.4.5","1.4.4","1.4.2","1.4.1","1.3.3","1.3.2","1.3.0","1.2.1","1.2.0","1.1.2","1.1.1","1.1.0"]
24 silly fetchPackageMetaData ]
25 silly rollbackFailedOptional Starting
26 silly rollbackFailedOptional Finishing
27 silly runTopLevelLifecycles Starting
28 silly runTopLevelLifecycles Finishing
29 silly install printInstalled
30 verbose stack Error: No compatible version found: yo@1.0
30 verbose stack Valid install targets:
30 verbose stack ["1.5.0","1.4.8","1.4.7","1.4.6","1.4.5","1.4.4","1.4.2","1.4.1","1.3.3","1.3.2","1.3.0","1.2.1","1.2.0","1.1.2","1.1.1","1.1.0"]
30 verbose stack
30 verbose stack     at pickVersionFromRegistryDocument (/usr/local/lib/node_modules/npm/lib/fetch-package-metadata.js:146:16)
30 verbose stack     at /usr/local/lib/node_modules/npm/node_modules/iferr/index.js:13:50
30 verbose stack     at /usr/local/lib/node_modules/npm/lib/utils/pulse-till-done.js:19:8
30 verbose stack     at saved (/usr/local/lib/node_modules/npm/lib/cache/caching-client.js:168:7)
30 verbose stack     at /usr/local/lib/node_modules/npm/node_modules/graceful-fs/polyfills.js:210:7
30 verbose stack     at FSReqWrap.oncomplete (fs.js:82:15)
31 verbose cwd /Users/will/yotodo
32 error Darwin 15.0.0
33 error argv "/usr/local/bin/node" "/usr/local/bin/npm" "install" "--global" "yo@1.0"
34 error node v5.0.0
35 error npm  v3.3.6
36 error No compatible version found: yo@1.0
36 error Valid install targets:
36 error ["1.5.0","1.4.8","1.4.7","1.4.6","1.4.5","1.4.4","1.4.2","1.4.1","1.3.3","1.3.2","1.3.0","1.2.1","1.2.0","1.1.2","1.1.1","1.1.0"]
37 error If you need help, you may report this error at:
37 error     <https://github.com/npm/npm/issues>
38 verbose exit [ 1, true ]
